<?xml version="1.0" encoding="UTF-8"?>
<!-- Generated by org.testng.reporters.JUnitXMLReporter -->
<testsuite ignored="0" hostname="PC04" failures="4" tests="8" name="Test" time="0.176" errors="0" timestamp="04 Aug 2022 11:43:05 GMT">
  <testcase classname="com.listeners.Test1" name="dashboard_test" time="0.027"/>
  <testcase classname="com.listeners.Test1" name="login_test" time="0.017">
    <failure type="java.lang.ArithmeticException" message="/ by zero">
      <![CDATA[java.lang.ArithmeticException: / by zero
at com.listeners.Test1.login_test(Test1.java:13)
... Removed 25 stack frames]]>
    </failure>
  </testcase> <!-- login_test -->
  <testcase classname="com.listeners.Test1" name="admin_test" time="0.0">
    <skipped/>
  </testcase> <!-- admin_test -->
  <testcase classname="com.listeners.Test3" name="m1" time="0.003"/>
  <testcase classname="com.listeners.Test3" name="m2" time="0.005">
    <failure type="java.lang.ArithmeticException" message="/ by zero">
      <![CDATA[java.lang.ArithmeticException: / by zero
at com.listeners.Test3.m2(Test3.java:19)
... Removed 25 stack frames]]>
    </failure>
  </testcase> <!-- m2 -->
  <testcase classname="com.listeners.Test3" name="m3" time="0.003">
    <failure type="java.lang.ArithmeticException" message="/ by zero">
      <![CDATA[java.lang.ArithmeticException: / by zero
at com.listeners.Test3.m3(Test3.java:28)
... Removed 25 stack frames]]>
    </failure>
  </testcase> <!-- m3 -->
  <testcase classname="com.listeners.Test2" name="dashboard_test" time="0.002"/>
  <testcase classname="com.listeners.Test2" name="login_test" time="0.002">
    <failure type="java.lang.ArithmeticException" message="/ by zero">
      <![CDATA[java.lang.ArithmeticException: / by zero
at com.listeners.Test2.login_test(Test2.java:12)
... Removed 25 stack frames]]>
    </failure>
  </testcase> <!-- login_test -->
</testsuite> <!-- Test -->
